[debug] [2023-07-15T15:47:34.546Z] ----------------------------------------------------------------------
[debug] [2023-07-15T15:47:34.548Z] Command:       C:\Program Files\nodejs\node.exe C:\Users\Kenshin\AppData\Roaming\npm\node_modules\firebase-tools\lib\bin\firebase.js deploy
[debug] [2023-07-15T15:47:34.548Z] CLI Version:   12.4.4
[debug] [2023-07-15T15:47:34.549Z] Platform:      win32
[debug] [2023-07-15T15:47:34.549Z] Node Version:  v18.16.1
[debug] [2023-07-15T15:47:34.550Z] Time:          Sat Jul 15 2023 22:47:34 GMT+0700 (Indochina Time)
[debug] [2023-07-15T15:47:34.550Z] ----------------------------------------------------------------------
[debug] 
[debug] [2023-07-15T15:47:34.640Z] > command requires scopes: ["email","openid","https://www.googleapis.com/auth/cloudplatformprojects.readonly","https://www.googleapis.com/auth/firebase","https://www.googleapis.com/auth/cloud-platform"]
[debug] [2023-07-15T15:47:34.641Z] > authorizing via signed-in user (ngtanthanh.qc@gmail.com)
[debug] [2023-07-15T15:47:34.641Z] [iam] checking project docspage-authen for permissions ["cloudfunctions.functions.create","cloudfunctions.functions.delete","cloudfunctions.functions.get","cloudfunctions.functions.list","cloudfunctions.functions.update","cloudfunctions.operations.get","firebase.projects.get"]
[debug] [2023-07-15T15:47:34.644Z] >>> [apiv2][query] POST https://cloudresourcemanager.googleapis.com/v1/projects/docspage-authen:testIamPermissions [none]
[debug] [2023-07-15T15:47:34.644Z] >>> [apiv2][(partial)header] POST https://cloudresourcemanager.googleapis.com/v1/projects/docspage-authen:testIamPermissions x-goog-quota-user=projects/docspage-authen
[debug] [2023-07-15T15:47:34.644Z] >>> [apiv2][body] POST https://cloudresourcemanager.googleapis.com/v1/projects/docspage-authen:testIamPermissions {"permissions":["cloudfunctions.functions.create","cloudfunctions.functions.delete","cloudfunctions.functions.get","cloudfunctions.functions.list","cloudfunctions.functions.update","cloudfunctions.operations.get","firebase.projects.get"]}
[debug] [2023-07-15T15:47:35.640Z] <<< [apiv2][status] POST https://cloudresourcemanager.googleapis.com/v1/projects/docspage-authen:testIamPermissions 200
[debug] [2023-07-15T15:47:35.640Z] <<< [apiv2][body] POST https://cloudresourcemanager.googleapis.com/v1/projects/docspage-authen:testIamPermissions {"permissions":["cloudfunctions.functions.create","cloudfunctions.functions.delete","cloudfunctions.functions.get","cloudfunctions.functions.list","cloudfunctions.functions.update","cloudfunctions.operations.get","firebase.projects.get"]}
[debug] [2023-07-15T15:47:35.640Z] >>> [apiv2][query] POST https://iam.googleapis.com/v1/projects/docspage-authen/serviceAccounts/docspage-authen@appspot.gserviceaccount.com:testIamPermissions [none]
[debug] [2023-07-15T15:47:35.641Z] >>> [apiv2][body] POST https://iam.googleapis.com/v1/projects/docspage-authen/serviceAccounts/docspage-authen@appspot.gserviceaccount.com:testIamPermissions {"permissions":["iam.serviceAccounts.actAs"]}
[debug] [2023-07-15T15:47:36.634Z] <<< [apiv2][status] POST https://iam.googleapis.com/v1/projects/docspage-authen/serviceAccounts/docspage-authen@appspot.gserviceaccount.com:testIamPermissions 404
[debug] [2023-07-15T15:47:36.634Z] <<< [apiv2][body] POST https://iam.googleapis.com/v1/projects/docspage-authen/serviceAccounts/docspage-authen@appspot.gserviceaccount.com:testIamPermissions {"error":{"code":404,"message":"Unknown service account","status":"NOT_FOUND"}}
[debug] [2023-07-15T15:47:36.635Z] [functions] service account IAM check errored, deploy may fail: HTTP Error: 404, Unknown service account {"name":"FirebaseError","children":[],"context":{"body":{"error":{"code":404,"message":"Unknown service account","status":"NOT_FOUND"}},"response":{"statusCode":404}},"exit":1,"message":"HTTP Error: 404, Unknown service account","status":404}
[info] 
[info] === Deploying to 'docspage-authen'...
[info] 
[info] i  deploying functions 
[debug] [2023-07-15T15:47:36.639Z] >>> [apiv2][query] GET https://firebase.googleapis.com/v1beta1/projects/docspage-authen [none]
[debug] [2023-07-15T15:47:36.988Z] <<< [apiv2][status] GET https://firebase.googleapis.com/v1beta1/projects/docspage-authen 200
[debug] [2023-07-15T15:47:36.988Z] <<< [apiv2][body] GET https://firebase.googleapis.com/v1beta1/projects/docspage-authen {"projectId":"docspage-authen","projectNumber":"685851651324","displayName":"docspage-authen","name":"projects/docspage-authen","resources":{"hostingSite":"docspage-authen","realtimeDatabaseInstance":"docspage-authen-default-rtdb"},"state":"ACTIVE","etag":"1_3136ae72-4b65-4c3e-84a1-e3d10b2c8bd7"}
[info] i  functions: preparing codebase default for deployment 
[info] i  functions: ensuring required API cloudfunctions.googleapis.com is enabled... 
[info] i  functions: ensuring required API cloudbuild.googleapis.com is enabled... 
[info] i  artifactregistry: ensuring required API artifactregistry.googleapis.com is enabled... 
[debug] [2023-07-15T15:47:36.991Z] >>> [apiv2][query] GET https://serviceusage.googleapis.com/v1/projects/docspage-authen/services/cloudfunctions.googleapis.com [none]
[debug] [2023-07-15T15:47:36.991Z] >>> [apiv2][(partial)header] GET https://serviceusage.googleapis.com/v1/projects/docspage-authen/services/cloudfunctions.googleapis.com x-goog-quota-user=projects/docspage-authen
[debug] [2023-07-15T15:47:36.992Z] >>> [apiv2][query] GET https://serviceusage.googleapis.com/v1/projects/docspage-authen/services/runtimeconfig.googleapis.com [none]
[debug] [2023-07-15T15:47:36.992Z] >>> [apiv2][(partial)header] GET https://serviceusage.googleapis.com/v1/projects/docspage-authen/services/runtimeconfig.googleapis.com x-goog-quota-user=projects/docspage-authen
[debug] [2023-07-15T15:47:36.993Z] >>> [apiv2][query] GET https://serviceusage.googleapis.com/v1/projects/docspage-authen/services/cloudbuild.googleapis.com [none]
[debug] [2023-07-15T15:47:36.993Z] >>> [apiv2][(partial)header] GET https://serviceusage.googleapis.com/v1/projects/docspage-authen/services/cloudbuild.googleapis.com x-goog-quota-user=projects/docspage-authen
[debug] [2023-07-15T15:47:36.994Z] >>> [apiv2][query] GET https://serviceusage.googleapis.com/v1/projects/docspage-authen/services/artifactregistry.googleapis.com [none]
[debug] [2023-07-15T15:47:36.994Z] >>> [apiv2][(partial)header] GET https://serviceusage.googleapis.com/v1/projects/docspage-authen/services/artifactregistry.googleapis.com x-goog-quota-user=projects/docspage-authen
[debug] [2023-07-15T15:47:37.478Z] <<< [apiv2][status] GET https://serviceusage.googleapis.com/v1/projects/docspage-authen/services/artifactregistry.googleapis.com 200
[debug] [2023-07-15T15:47:37.479Z] <<< [apiv2][body] GET https://serviceusage.googleapis.com/v1/projects/docspage-authen/services/artifactregistry.googleapis.com [omitted]
[info] +  artifactregistry: required API artifactregistry.googleapis.com is enabled 
[debug] [2023-07-15T15:47:38.329Z] <<< [apiv2][status] GET https://serviceusage.googleapis.com/v1/projects/docspage-authen/services/cloudfunctions.googleapis.com 200
[debug] [2023-07-15T15:47:38.329Z] <<< [apiv2][body] GET https://serviceusage.googleapis.com/v1/projects/docspage-authen/services/cloudfunctions.googleapis.com [omitted]
[info] +  functions: required API cloudfunctions.googleapis.com is enabled 
[debug] [2023-07-15T15:47:38.331Z] <<< [apiv2][status] GET https://serviceusage.googleapis.com/v1/projects/docspage-authen/services/cloudbuild.googleapis.com 200
[debug] [2023-07-15T15:47:38.331Z] <<< [apiv2][body] GET https://serviceusage.googleapis.com/v1/projects/docspage-authen/services/cloudbuild.googleapis.com [omitted]
[info] +  functions: required API cloudbuild.googleapis.com is enabled 
[debug] [2023-07-15T15:47:38.341Z] <<< [apiv2][status] GET https://serviceusage.googleapis.com/v1/projects/docspage-authen/services/runtimeconfig.googleapis.com 200
[debug] [2023-07-15T15:47:38.341Z] <<< [apiv2][body] GET https://serviceusage.googleapis.com/v1/projects/docspage-authen/services/runtimeconfig.googleapis.com [omitted]
[debug] [2023-07-15T15:47:38.341Z] >>> [apiv2][query] GET https://firebase.googleapis.com/v1beta1/projects/docspage-authen/adminSdkConfig [none]
[debug] [2023-07-15T15:47:38.667Z] <<< [apiv2][status] GET https://firebase.googleapis.com/v1beta1/projects/docspage-authen/adminSdkConfig 200
[debug] [2023-07-15T15:47:38.667Z] <<< [apiv2][body] GET https://firebase.googleapis.com/v1beta1/projects/docspage-authen/adminSdkConfig {"projectId":"docspage-authen","databaseURL":"https://docspage-authen-default-rtdb.firebaseio.com","storageBucket":"docspage-authen.appspot.com"}
[debug] [2023-07-15T15:47:38.667Z] >>> [apiv2][query] GET https://runtimeconfig.googleapis.com/v1beta1/projects/docspage-authen/configs [none]
[debug] [2023-07-15T15:47:39.026Z] <<< [apiv2][status] GET https://runtimeconfig.googleapis.com/v1beta1/projects/docspage-authen/configs 200
[debug] [2023-07-15T15:47:39.026Z] <<< [apiv2][body] GET https://runtimeconfig.googleapis.com/v1beta1/projects/docspage-authen/configs {}
[debug] [2023-07-15T15:47:39.028Z] Validating nodejs source
[debug] [2023-07-15T15:47:40.820Z] > [functions] package.json contents: {
  "name": "functions",
  "description": "Cloud Functions for Firebase",
  "scripts": {
    "serve": "firebase emulators:start --only functions",
    "shell": "firebase functions:shell",
    "start": "npm run shell",
    "deploy": "firebase deploy --only functions",
    "logs": "firebase functions:log"
  },
  "engines": {
    "node": "18"
  },
  "main": "index.js",
  "dependencies": {
    "firebase-admin": "^11.8.0",
    "firebase-functions": "^4.3.1"
  },
  "devDependencies": {
    "firebase-functions-test": "^3.1.0"
  },
  "private": true
}
[debug] [2023-07-15T15:47:40.821Z] Building nodejs source
[info] i  functions: Loading and analyzing source code for codebase default to determine what to deploy 
[debug] [2023-07-15T15:47:40.822Z] Could not find functions.yaml. Must use http discovery
[debug] [2023-07-15T15:47:40.833Z] Found firebase-functions binary at 'F:\Projects\02_Docusaurus\my-website\functions\node_modules\.bin\firebase-functions'
[info] Serving at port 8984

[debug] [2023-07-15T15:47:41.668Z] Got response from /__/functions.yaml {"endpoints":{"beforeCreate":{"platform":"gcfv1","labels":{},"availableMemoryMb":null,"timeoutSeconds":null,"minInstances":null,"maxInstances":null,"ingressSettings":null,"serviceAccountEmail":null,"vpc":null,"blockingTrigger":{"eventType":"providers/cloud.auth/eventTypes/user.beforeCreate","options":{"accessToken":false,"idToken":false,"refreshToken":false}},"entryPoint":"beforeCreate"}},"specVersion":"v1alpha1","requiredAPIs":[{"api":"identitytoolkit.googleapis.com","reason":"Needed for auth blocking functions"}]}
[info] shutdown requested via /__/quitquitquit

[info] i  functions: preparing functions directory for uploading... 
[info] i  functions: packaged F:\Projects\02_Docusaurus\my-website\functions (64.94 KB) for uploading 
[debug] [2023-07-15T15:47:41.726Z] >>> [apiv2][query] GET https://cloudfunctions.googleapis.com/v1/projects/docspage-authen/locations/-/functions [none]
[debug] [2023-07-15T15:47:42.369Z] <<< [apiv2][status] GET https://cloudfunctions.googleapis.com/v1/projects/docspage-authen/locations/-/functions 200
[debug] [2023-07-15T15:47:42.370Z] <<< [apiv2][body] GET https://cloudfunctions.googleapis.com/v1/projects/docspage-authen/locations/-/functions {}
[debug] [2023-07-15T15:47:42.370Z] >>> [apiv2][query] GET https://cloudfunctions.googleapis.com/v2/projects/docspage-authen/locations/-/functions filter=environment%3D%22GEN_2%22
[debug] [2023-07-15T15:47:43.767Z] <<< [apiv2][status] GET https://cloudfunctions.googleapis.com/v2/projects/docspage-authen/locations/-/functions 200
[debug] [2023-07-15T15:47:43.767Z] <<< [apiv2][body] GET https://cloudfunctions.googleapis.com/v2/projects/docspage-authen/locations/-/functions {}
[info] i  functions: ensuring required API identitytoolkit.googleapis.com is enabled... 
[debug] [2023-07-15T15:47:43.769Z] >>> [apiv2][query] GET https://serviceusage.googleapis.com/v1/projects/docspage-authen/services/identitytoolkit.googleapis.com [none]
[debug] [2023-07-15T15:47:43.769Z] >>> [apiv2][(partial)header] GET https://serviceusage.googleapis.com/v1/projects/docspage-authen/services/identitytoolkit.googleapis.com x-goog-quota-user=projects/docspage-authen
[debug] [2023-07-15T15:47:45.080Z] <<< [apiv2][status] GET https://serviceusage.googleapis.com/v1/projects/docspage-authen/services/identitytoolkit.googleapis.com 200
[debug] [2023-07-15T15:47:45.080Z] <<< [apiv2][body] GET https://serviceusage.googleapis.com/v1/projects/docspage-authen/services/identitytoolkit.googleapis.com [omitted]
[info] +  functions: required API identitytoolkit.googleapis.com is enabled 
[debug] [2023-07-15T15:47:45.082Z] >>> [apiv2][query] GET https://firebase.googleapis.com/v1beta1/projects/docspage-authen [none]
[debug] [2023-07-15T15:47:45.411Z] <<< [apiv2][status] GET https://firebase.googleapis.com/v1beta1/projects/docspage-authen 200
[debug] [2023-07-15T15:47:45.411Z] <<< [apiv2][body] GET https://firebase.googleapis.com/v1beta1/projects/docspage-authen {"projectId":"docspage-authen","projectNumber":"685851651324","displayName":"docspage-authen","name":"projects/docspage-authen","resources":{"hostingSite":"docspage-authen","realtimeDatabaseInstance":"docspage-authen-default-rtdb"},"state":"ACTIVE","etag":"1_3136ae72-4b65-4c3e-84a1-e3d10b2c8bd7"}
[debug] [2023-07-15T15:47:45.412Z] >>> [apiv2][query] POST https://cloudfunctions.googleapis.com/v1/projects/docspage-authen/locations/us-central1/functions:generateUploadUrl [none]
[debug] [2023-07-15T15:47:45.412Z] >>> [apiv2][body] POST https://cloudfunctions.googleapis.com/v1/projects/docspage-authen/locations/us-central1/functions:generateUploadUrl {}
[debug] [2023-07-15T15:47:53.518Z] <<< [apiv2][status] POST https://cloudfunctions.googleapis.com/v1/projects/docspage-authen/locations/us-central1/functions:generateUploadUrl 200
[debug] [2023-07-15T15:47:53.519Z] <<< [apiv2][body] POST https://cloudfunctions.googleapis.com/v1/projects/docspage-authen/locations/us-central1/functions:generateUploadUrl {"uploadUrl":"https://storage.googleapis.com/uploads-571023614564.us-central1.cloudfunctions.appspot.com/9b033d96-4f2b-485c-bbe1-08121cae6546.zip?GoogleAccessId=service-685851651324@gcf-admin-robot.iam.gserviceaccount.com&Expires=1689437874&Signature=DEcwHTWo77SPz%2BgoLpQRxgHsx%2FGXd6naQd2eVv8qYQ%2B5GWgowxZ5iiXjU28Zlzx6kedvR%2B4wTHhxT6tlUaFiuL9DMwymgo5WA0j6HibzPI1%2F34POcMXRPKhQt%2FI26OyNq8CVKVJj0dDgOsh7G%2FQba0eLrxxPKgT%2Fj7nS0ahEMInBwGJvQU6grIlSM1PVQEsF6MU4exB8fsemhl97h%2BxKVgW0%2Bw%2FbfWGEViSzl6VyI%2B%2FoxcPzzs2zrvmF5t3OfRBt8NTMMKejIH5Uc7dP%2BFvZajwMVDeVPADtf92BjbB68V3o1lZSeO04WURzYknMb2PHEjL3w4Dj%2F3a%2FLgzskHb%2FZw%3D%3D"}
[debug] [2023-07-15T15:47:53.522Z] >>> [apiv2][query] PUT https://storage.googleapis.com/uploads-571023614564.us-central1.cloudfunctions.appspot.com/9b033d96-4f2b-485c-bbe1-08121cae6546.zip GoogleAccessId=service-685851651324%40gcf-admin-robot.iam.gserviceaccount.com&Expires=1689437874&Signature=DEcwHTWo77SPz%2BgoLpQRxgHsx%2FGXd6naQd2eVv8qYQ%2B5GWgowxZ5iiXjU28Zlzx6kedvR%2B4wTHhxT6tlUaFiuL9DMwymgo5WA0j6HibzPI1%2F34POcMXRPKhQt%2FI26OyNq8CVKVJj0dDgOsh7G%2FQba0eLrxxPKgT%2Fj7nS0ahEMInBwGJvQU6grIlSM1PVQEsF6MU4exB8fsemhl97h%2BxKVgW0%2Bw%2FbfWGEViSzl6VyI%2B%2FoxcPzzs2zrvmF5t3OfRBt8NTMMKejIH5Uc7dP%2BFvZajwMVDeVPADtf92BjbB68V3o1lZSeO04WURzYknMb2PHEjL3w4Dj%2F3a%2FLgzskHb%2FZw%3D%3D
[debug] [2023-07-15T15:47:53.523Z] >>> [apiv2][body] PUT https://storage.googleapis.com/uploads-571023614564.us-central1.cloudfunctions.appspot.com/9b033d96-4f2b-485c-bbe1-08121cae6546.zip [stream]
[debug] [2023-07-15T15:47:54.444Z] <<< [apiv2][status] PUT https://storage.googleapis.com/uploads-571023614564.us-central1.cloudfunctions.appspot.com/9b033d96-4f2b-485c-bbe1-08121cae6546.zip 200
[debug] [2023-07-15T15:47:54.444Z] <<< [apiv2][body] PUT https://storage.googleapis.com/uploads-571023614564.us-central1.cloudfunctions.appspot.com/9b033d96-4f2b-485c-bbe1-08121cae6546.zip [omitted]
[info] +  functions: functions folder uploaded successfully 
[info] i  functions: creating Node.js 18 (1st Gen) function beforeCreate(us-central1)... 
[debug] [2023-07-15T15:47:54.448Z] >>> [apiv2][query] POST https://cloudfunctions.googleapis.com/v1/projects/docspage-authen/locations/us-central1/functions [none]
[debug] [2023-07-15T15:47:54.448Z] >>> [apiv2][body] POST https://cloudfunctions.googleapis.com/v1/projects/docspage-authen/locations/us-central1/functions {"name":"projects/docspage-authen/locations/us-central1/functions/beforeCreate","sourceUploadUrl":"https://storage.googleapis.com/uploads-571023614564.us-central1.cloudfunctions.appspot.com/9b033d96-4f2b-485c-bbe1-08121cae6546.zip?GoogleAccessId=service-685851651324@gcf-admin-robot.iam.gserviceaccount.com&Expires=1689437874&Signature=DEcwHTWo77SPz%2BgoLpQRxgHsx%2FGXd6naQd2eVv8qYQ%2B5GWgowxZ5iiXjU28Zlzx6kedvR%2B4wTHhxT6tlUaFiuL9DMwymgo5WA0j6HibzPI1%2F34POcMXRPKhQt%2FI26OyNq8CVKVJj0dDgOsh7G%2FQba0eLrxxPKgT%2Fj7nS0ahEMInBwGJvQU6grIlSM1PVQEsF6MU4exB8fsemhl97h%2BxKVgW0%2Bw%2FbfWGEViSzl6VyI%2B%2FoxcPzzs2zrvmF5t3OfRBt8NTMMKejIH5Uc7dP%2BFvZajwMVDeVPADtf92BjbB68V3o1lZSeO04WURzYknMb2PHEjL3w4Dj%2F3a%2FLgzskHb%2FZw%3D%3D","entryPoint":"beforeCreate","runtime":"nodejs18","dockerRegistry":"ARTIFACT_REGISTRY","labels":{"deployment-tool":"cli-firebase","deployment-blocking":"before-create","firebase-functions-hash":"b4b58ae7fec77cb2b0ba5f0cfe386003b7cc73a6"},"httpsTrigger":{"securityLevel":"SECURE_ALWAYS"},"minInstances":null,"maxInstances":null,"ingressSettings":null,"environmentVariables":{"FIREBASE_CONFIG":"{\"projectId\":\"docspage-authen\",\"databaseURL\":\"https://docspage-authen-default-rtdb.firebaseio.com\",\"storageBucket\":\"docspage-authen.appspot.com\"}","GCLOUD_PROJECT":"docspage-authen","EVENTARC_CLOUD_EVENT_SOURCE":"projects/docspage-authen/locations/us-central1/functions/beforeCreate"},"serviceAccountEmail":null,"availableMemoryMb":null,"timeout":null,"vpcConnector":null,"vpcConnectorEgressSettings":null,"buildEnvironmentVariables":{"GOOGLE_NODE_RUN_SCRIPTS":""}}
[debug] [2023-07-15T15:47:55.843Z] <<< [apiv2][status] POST https://cloudfunctions.googleapis.com/v1/projects/docspage-authen/locations/us-central1/functions 403
[debug] [2023-07-15T15:47:55.843Z] <<< [apiv2][body] POST https://cloudfunctions.googleapis.com/v1/projects/docspage-authen/locations/us-central1/functions {"error":{"code":403,"message":"Unable to retrieve the repository metadata for projects/docspage-authen/locations/us-central1/repositories/gcf-artifacts. Ensure that the Cloud Functions service account has 'artifactregistry.repositories.list' and 'artifactregistry.repositories.get' permissions. You can add the permissions by granting the role 'roles/artifactregistry.reader'.","status":"PERMISSION_DENIED"}}
[warn] !  functions: failed to create function projects/docspage-authen/locations/us-central1/functions/beforeCreate 
[error] Failed to create function projects/docspage-authen/locations/us-central1/functions/beforeCreate
[debug] [2023-07-15T15:47:55.849Z] Total Function Deployment time: 1398
[debug] [2023-07-15T15:47:55.849Z] 1 Functions Deployed
[debug] [2023-07-15T15:47:55.849Z] 1 Functions Errored
[debug] [2023-07-15T15:47:55.849Z] 0 Function Deployments Aborted
[debug] [2023-07-15T15:47:55.849Z] Average Function Deployment time: 1397
[info] 
[info] Functions deploy had errors with the following functions:
	beforeCreate(us-central1)
[info] i  functions: cleaning up build files... 
[debug] [2023-07-15T15:47:56.285Z] >>> [apiv2][query] DELETE https://artifactregistry.googleapis.com/v1beta2/projects/docspage-authen/locations/us-central1/repositories/gcf-artifacts/packages/before_create [none]
[debug] [2023-07-15T15:47:56.287Z] >>> [apiv2][query] GET https://us.gcr.io/v2/docspage-authen/gcf/us-central1/tags/list [none]
[debug] [2023-07-15T15:47:57.472Z] <<< [apiv2][status] DELETE https://artifactregistry.googleapis.com/v1beta2/projects/docspage-authen/locations/us-central1/repositories/gcf-artifacts/packages/before_create 404
[debug] [2023-07-15T15:47:57.472Z] <<< [apiv2][body] DELETE https://artifactregistry.googleapis.com/v1beta2/projects/docspage-authen/locations/us-central1/repositories/gcf-artifacts/packages/before_create {"error":{"code":404,"message":"Package \"projects/docspage-authen/locations/us-central1/repositories/gcf-artifacts/packages/before_create\" was not found.","status":"NOT_FOUND"}}
[debug] [2023-07-15T15:47:58.832Z] <<< [apiv2][status] GET https://us.gcr.io/v2/docspage-authen/gcf/us-central1/tags/list 200
[debug] [2023-07-15T15:47:58.832Z] <<< [apiv2][body] GET https://us.gcr.io/v2/docspage-authen/gcf/us-central1/tags/list {"child":[],"manifest":{},"name":"docspage-authen/gcf/us-central1","tags":[]}
[debug] [2023-07-15T15:47:58.832Z] Could not find image for function projects/docspage-authen/locations/us-central1/functions/beforeCreate
[debug] [2023-07-15T15:47:58.832Z] Functions deploy failed.
[debug] [2023-07-15T15:47:58.832Z] {
  "endpoint": {
    "id": "beforeCreate",
    "project": "docspage-authen",
    "region": "us-central1",
    "entryPoint": "beforeCreate",
    "platform": "gcfv1",
    "runtime": "nodejs18",
    "blockingTrigger": {
      "eventType": "providers/cloud.auth/eventTypes/user.beforeCreate",
      "options": {
        "accessToken": false,
        "idToken": false,
        "refreshToken": false
      }
    },
    "labels": {
      "deployment-tool": "cli-firebase"
    },
    "serviceAccount": null,
    "ingressSettings": null,
    "availableMemoryMb": null,
    "timeoutSeconds": null,
    "maxInstances": null,
    "minInstances": null,
    "vpc": null,
    "environmentVariables": {
      "FIREBASE_CONFIG": "{\"projectId\":\"docspage-authen\",\"databaseURL\":\"https://docspage-authen-default-rtdb.firebaseio.com\",\"storageBucket\":\"docspage-authen.appspot.com\"}",
      "GCLOUD_PROJECT": "docspage-authen",
      "EVENTARC_CLOUD_EVENT_SOURCE": "projects/docspage-authen/locations/us-central1/functions/beforeCreate"
    },
    "codebase": "default",
    "targetedByOnly": false,
    "hash": "b4b58ae7fec77cb2b0ba5f0cfe386003b7cc73a6"
  },
  "op": "create",
  "original": {
    "name": "FirebaseError",
    "children": [],
    "context": {
      "function": "projects/docspage-authen/locations/us-central1/functions/beforeCreate"
    },
    "exit": 1,
    "message": "Failed to create function projects/docspage-authen/locations/us-central1/functions/beforeCreate",
    "original": {
      "name": "FirebaseError",
      "children": [],
      "context": {
        "body": {
          "error": {
            "code": 403,
            "message": "Unable to retrieve the repository metadata for projects/docspage-authen/locations/us-central1/repositories/gcf-artifacts. Ensure that the Cloud Functions service account has 'artifactregistry.repositories.list' and 'artifactregistry.repositories.get' permissions. You can add the permissions by granting the role 'roles/artifactregistry.reader'.",
            "status": "PERMISSION_DENIED"
          }
        },
        "response": {
          "statusCode": 403
        }
      },
      "exit": 1,
      "message": "HTTP Error: 403, Unable to retrieve the repository metadata for projects/docspage-authen/locations/us-central1/repositories/gcf-artifacts. Ensure that the Cloud Functions service account has 'artifactregistry.repositories.list' and 'artifactregistry.repositories.get' permissions. You can add the permissions by granting the role 'roles/artifactregistry.reader'.",
      "status": 403
    },
    "status": 403,
    "code": 403
  }
}
[debug] [2023-07-15T15:47:58.953Z] Error: Failed to create function beforeCreate in region us-central1
    at C:\Users\Kenshin\AppData\Roaming\npm\node_modules\firebase-tools\lib\deploy\functions\release\fabricator.js:51:11
    at process.processTicksAndRejections (node:internal/process/task_queues:95:5)
    at async Fabricator.createV1Function (C:\Users\Kenshin\AppData\Roaming\npm\node_modules\firebase-tools\lib\deploy\functions\release\fabricator.js:180:32)
    at async Fabricator.createEndpoint (C:\Users\Kenshin\AppData\Roaming\npm\node_modules\firebase-tools\lib\deploy\functions\release\fabricator.js:132:13)
    at async handle (C:\Users\Kenshin\AppData\Roaming\npm\node_modules\firebase-tools\lib\deploy\functions\release\fabricator.js:88:17)
[error] 
[error] Error: There was an error deploying functions
